#
# A fatal error has been detected by the Java Runtime Environment:
#
#  EXCEPTION_ACCESS_VIOLATION (0xc0000005) at pc=0x00007fff17f02b08, pid=22056, tid=8424
#
# JRE version: Java(TM) SE Runtime Environment (23.0.1+11) (build 23.0.1+11-39)
# Java VM: Java HotSpot(TM) 64-Bit Server VM (23.0.1+11-39, mixed mode, sharing, tiered, compressed oops, compressed class ptrs, g1 gc, windows-amd64)
# Problematic frame:
# C  [ntdll.dll+0x22b08]
#
# No core dump will be written. Minidumps are not enabled by default on client versions of Windows
#
# If you would like to submit a bug report, please visit:
#   https://bugreport.java.com/bugreport/crash.jsp
#

---------------  S U M M A R Y ------------

Command Line: -ea -Didea.test.cyclic.buffer.size=1048576 -javaagent:C:\Program Files\JetBrains\IntelliJ IDEA 2024.3.7\lib\idea_rt.jar=54803 -javaagent:C:\Users\Lenovo\AppData\Local\JetBrains\IntelliJIdea2024.3\captureAgent\debugger-agent.jar -Dkotlinx.coroutines.debug.enable.creation.stack.trace=false -Ddebugger.agent.enable.coroutines=true -Dkotlinx.coroutines.debug.enable.flows.stack.trace=true -Dkotlinx.coroutines.debug.enable.mutable.state.flows.stack.trace=true -Dfile.encoding=UTF-8 -Dsun.stdout.encoding=UTF-8 -Dsun.stderr.encoding=UTF-8 com.intellij.rt.junit.JUnitStarter -ideVersion5 -junit5 org.example.be.methods.MyUtilTest

Host: 12th Gen Intel(R) Core(TM) i5-12450HX, 12 cores, 11G,  Windows 11 , 64 bit Build 26100 (10.0.26100.8246)
Time: Wed Apr 22 10:39:41 2026 SE Asia Standard Time elapsed time: 1.367352 seconds (0d 0h 0m 1s)

---------------  T H R E A D  ---------------

Current thread (0x000002d56900a3e0):  VMThread "VM Thread"          [id=8424, stack(0x000000dc80300000,0x000000dc80400000) (1024K)]

Stack: [0x000000dc80300000,0x000000dc80400000],  sp=0x000000dc803fea60,  free space=1018k
Native frames: (J=compiled Java code, j=interpreted, Vv=VM code, C=native code)
C  [ntdll.dll+0x22b08]
[error occurred during error reporting (printing native stack (with source info)), id 0xc0000005, EXCEPTION_ACCESS_VIOLATION (0xc0000005) at pc=0x00007fff17f30df1]

Retrying call stack printing without source information...
Native frames: (J=compiled Java code, j=interpreted, Vv=VM code, C=native code)
C  [ntdll.dll+0x22b08]
[error occurred during error reporting (retry printing native stack (no source info)), id 0xc0000005, EXCEPTION_ACCESS_VIOLATION (0xc0000005) at pc=0x00007fff17f30df1]

siginfo: EXCEPTION_ACCESS_VIOLATION (0xc0000005), reading address 0x000002f900000db8


Registers:
RAX=0x000002d569cd0ff0, RBX=0x000002d548ef0000, RCX=0x0000000000009d9d, RDX=0x000000000000009d
RSP=0x000000dc803fea60, RBP=0x000002d5475c2ea8, RSI=0x000002d569d6cff0, RDI=0x000002d569cd0fe0
R8 =0x000002d569cd0ff0, R9 =0x000002d548db02c0, R10=0x000000dcff792000, R11=0x000002d569996ea0
R12=0x000000007ffe0300, R13=0x0000000000000001, R14=0x000002f900000db0, R15=0x000002d569a60780
RIP=0x00007fff17f02b08, EFLAGS=0x0000000000010246


Register to memory mapping:

RAX=0x000002d569cd0ff0 points into unknown readable memory: 0x000002f900000db0 | b0 0d 00 00 f9 02 00 00
RBX=0x000002d548ef0000 points into unknown readable memory: 0x0000000000000000 | 00 00 00 00 00 00 00 00
RCX=0x0000000000009d9d is an unknown value
RDX=0x000000000000009d is an unknown value
RSP=0x000000dc803fea60 points into unknown readable memory: 0x000002d548ef0000 | 00 00 ef 48 d5 02 00 00
RBP=0x000002d5475c2ea8 points into unknown readable memory: 0xffffffffffffffff | ff ff ff ff ff ff ff ff
RSI=0x000002d569d6cff0 points into unknown readable memory: 0x0020007400750070 | 70 00 75 00 74 00 20 00
RDI=0x000002d569cd0fe0 points into unknown readable memory: 0x0000000000000000 | 00 00 00 00 00 00 00 00
R8 =0x000002d569cd0ff0 points into unknown readable memory: 0x000002f900000db0 | b0 0d 00 00 f9 02 00 00
R9 =0x000002d548db02c0 points into unknown readable memory: 0x00007ffe5bd13918 | 18 39 d1 5b fe 7f 00 00
R10=0x000000dcff792000 points into unknown readable memory: 0x0000000000000000 | 00 00 00 00 00 00 00 00
R11=0x000002d569996ea0 points into unknown readable memory: 0x000002d5475c2e10 | 10 2e 5c 47 d5 02 00 00
R12=0x000000007ffe0300 points into unknown readable memory: 0x0000000000989680 | 80 96 98 00 00 00 00 00
R13=0x0000000000000001 is an unknown value
R14=0x000002f900000db0 is an unknown value
R15=0x000002d569a60780 points into unknown readable memory: 0x000002d548f5fed0 | d0 fe f5 48 d5 02 00 00

Top of Stack: (sp=0x000000dc803fea60)
0x000000dc803fea60:   000002d548ef0000 000002d548ef0000
0x000000dc803fea70:   000000000000ff00 000002d548ef0000
0x000000dc803fea80:   00000000000003ff 0000000000007eff
0x000000dc803fea90:   0000000000000000 0000000000000000
0x000000dc803feaa0:   0000000000000001 0000000000008001
0x000000dc803feab0:   0000000000000101 0000000000000000
0x000000dc803feac0:   0000000000000000 0000011d0000019d
0x000000dc803fead0:   0000000000000001 0000000000000000
0x000000dc803feae0:   0000000000000000 0000000000000107
0x000000dc803feaf0:   0000000000000000 000000007ffe0380
0x000000dc803feb00:   000002d548ef4e38 0000000000000107
0x000000dc803feb10:   000000dc803ff3d0 00007fff17f036f7
0x000000dc803feb20:   0000000000000000 0000000000000000
0x000000dc803feb30:   0000000000120000 00007fff17f58d5f
0x000000dc803feb40:   0000000000000000 0000000000000000
0x000000dc803feb50:   00000000000003ff ffff650600000000
0x000000dc803feb60:   0000000000000105 0000000000009c01
0x000000dc803feb70:   0000000000000000 000002d569d6cff0
0x000000dc803feb80:   0000000000000107 0000000000000000
0x000000dc803feb90:   0000000000008001 0000000000000000
0x000000dc803feba0:   0000000088090081 0000000000000107
0x000000dc803febb0:   0000000000000000 000000009d009c01
0x000000dc803febc0:   0000000000060000 00007fff02000002
0x000000dc803febd0:   0000000000000000 0000000000000000
0x000000dc803febe0:   0000000000000000 000000009c00019d
0x000000dc803febf0:   00007ffee8db0000 000002d5475c2e98
0x000000dc803fec00:   0000000000000001 000000007ffe0385
0x000000dc803fec10:   0000000000000000 000002d548ef0000
0x000000dc803fec20:   0000000000000000 000000007ffe0385
0x000000dc803fec30:   000002d569d6d000 00007fff17f591c0
0x000000dc803fec40:   000002d548ef0000 0000000000000001
0x000000dc803fec50:   000002d569d6cff0 000002d569d6cff0 

Instructions: (pc=0x00007fff17f02b08)
0x00007fff17f02a08:   e9 d1 f6 ff ff 44 8d 61 ff 41 8b c4 48 89 84 24
0x00007fff17f02a18:   88 00 00 00 e9 bf fb ff ff 41 8b 4d f8 89 8c 24
0x00007fff17f02a28:   98 01 00 00 83 7b 7c 00 74 4f 33 8b 88 00 00 00
0x00007fff17f02a38:   8b f1 89 8c 24 98 01 00 00 8b d1 c1 ea 10 8b c1
0x00007fff17f02a48:   c1 e8 08 32 d0 32 d1 8b c1 c1 e8 18 3a c2 74 29
0x00007fff17f02a58:   33 c0 48 89 44 24 28 48 89 44 24 20 45 33 c9 4d
0x00007fff17f02a68:   8d 45 f0 48 8b d3 8d 48 03 e8 da c2 ff ff 0f b7
0x00007fff17f02a78:   ce 4c 8b 84 24 20 01 00 00 0f b7 c1 44 2b c0 44
0x00007fff17f02a88:   89 84 24 08 01 00 00 48 8b b4 24 f0 01 00 00 45
0x00007fff17f02a98:   85 c0 0f 8f 35 fe ff ff e9 28 fe ff ff 45 3b c1
0x00007fff17f02aa8:   0f 87 3f 03 00 00 49 83 c2 04 4c 89 94 24 a0 00
0x00007fff17f02ab8:   00 00 41 8b 12 41 ff c0 44 89 44 24 6c e9 86 fc
0x00007fff17f02ac8:   ff ff 85 c9 74 2c 8b 93 88 00 00 00 33 57 08 89
0x00007fff17f02ad8:   57 08 8b ca c1 e9 10 8b c2 c1 e8 08 32 c8 32 ca
0x00007fff17f02ae8:   c1 ea 18 3a d1 74 0b 48 8b d7 48 8b cb e8 16 16
0x00007fff17f02af8:   00 00 4c 8d 47 10 4d 8b 30 4c 8b 7f 18 49 8b 07
0x00007fff17f02b08:   4d 8b 4e 08 49 3b c0 0f 85 7e 03 00 00 49 3b c1
0x00007fff17f02b18:   0f 85 75 03 00 00 0f b7 47 08 48 8b 8b c0 00 00
0x00007fff17f02b28:   00 48 2b c8 48 89 8b c0 00 00 00 48 8b 93 38 01
0x00007fff17f02b38:   00 00 48 85 d2 0f 84 04 01 00 00 48 c7 84 24 d0
0x00007fff17f02b48:   00 00 00 00 00 00 00 0f b7 4f 08 44 8b 4a 08 49
0x00007fff17f02b58:   3b c9 0f 82 c4 00 00 00 48 8b 02 48 85 c0 0f 84
0x00007fff17f02b68:   b4 00 00 00 48 8b d0 eb e2 41 0f b7 46 f8 66 89
0x00007fff17f02b78:   44 24 68 0f b7 c8 e9 6f fc ff ff 83 7f 0c 00 0f
0x00007fff17f02b88:   85 48 02 00 00 48 8b 47 30 4e 8b 24 e8 4d 3b c4
0x00007fff17f02b98:   0f 84 2f 01 00 00 4d 8d 44 24 f0 41 8b 50 08 89
0x00007fff17f02ba8:   94 24 78 01 00 00 83 7b 7c 00 74 43 33 93 88 00
0x00007fff17f02bb8:   00 00 8b f2 89 94 24 78 01 00 00 8b ca c1 e9 10
0x00007fff17f02bc8:   8b c2 c1 e8 08 32 c8 32 ca 8b c2 c1 e8 18 3a c1
0x00007fff17f02bd8:   74 1d 33 c0 48 89 44 24 28 48 89 44 24 20 45 33
0x00007fff17f02be8:   c9 48 8b d3 8d 48 03 e8 5c c1 ff ff 0f b7 d6 0f
0x00007fff17f02bf8:   b7 c2 41 8b cf 2b c8 89 8c 24 04 01 00 00 85 c9 


Stack slot to memory mapping:

stack at sp + 0 slots: 0x000002d548ef0000 points into unknown readable memory: 0x0000000000000000 | 00 00 00 00 00 00 00 00
stack at sp + 1 slots: 0x000002d548ef0000 points into unknown readable memory: 0x0000000000000000 | 00 00 00 00 00 00 00 00
stack at sp + 2 slots: 0x000000000000ff00 is an unknown value
stack at sp + 3 slots: 0x000002d548ef0000 points into unknown readable memory: 0x0000000000000000 | 00 00 00 00 00 00 00 00
stack at sp + 4 slots: 0x00000000000003ff is an unknown value
stack at sp + 5 slots: 0x0000000000007eff is an unknown value
stack at sp + 6 slots: 0x0 is null
stack at sp + 7 slots: 0x0 is null

VM_Operation (0x000000dcffcff200): Exit, mode: safepoint, requested by thread 0x000002d548f458c0


---------------  P R O C E S S  ---------------

Threads class SMR info:
_java_thread_list=0x000002d5465158b0, length=18, elements={
0x000002d548f458c0, 0x000002d545010080, 0x000002d545013710, 0x000002d54501a2c0,
0x000002d54501b0b0, 0x000002d54501be60, 0x000002d5450248d0, 0x000002d545029bb0,
0x000002d54502dc90, 0x000002d54510c6d0, 0x000002d54517ef70, 0x000002d545263060,
0x000002d54538dfe0, 0x000002d5469af330, 0x000002d54605a480, 0x000002d546f67630,
0x000002d546f69700, 0x000002d546f66280
}

Java Threads: ( => current thread )
  0x000002d548f458c0 JavaThread "main"                              [_thread_blocked, id=33188, stack(0x000000dcffc00000,0x000000dcffd00000) (1024K)]
  0x000002d545010080 JavaThread "Reference Handler"          daemon [_thread_blocked, id=40064, stack(0x000000dc80400000,0x000000dc80500000) (1024K)]
  0x000002d545013710 JavaThread "Finalizer"                  daemon [_thread_blocked, id=22152, stack(0x000000dc80500000,0x000000dc80600000) (1024K)]
  0x000002d54501a2c0 JavaThread "Signal Dispatcher"          daemon [_thread_blocked, id=31068, stack(0x000000dc80600000,0x000000dc80700000) (1024K)]
  0x000002d54501b0b0 JavaThread "Attach Listener"            daemon [_thread_blocked, id=29676, stack(0x000000dc80700000,0x000000dc80800000) (1024K)]
  0x000002d54501be60 JavaThread "Service Thread"             daemon [_thread_blocked, id=40068, stack(0x000000dc80800000,0x000000dc80900000) (1024K)]
  0x000002d5450248d0 JavaThread "Monitor Deflation Thread"   daemon [_thread_blocked, id=2732, stack(0x000000dc80900000,0x000000dc80a00000) (1024K)]
  0x000002d545029bb0 JavaThread "C2 CompilerThread0"         daemon [_thread_blocked, id=39028, stack(0x000000dc80a00000,0x000000dc80b00000) (1024K)]
  0x000002d54502dc90 JavaThread "C1 CompilerThread0"         daemon [_thread_blocked, id=6456, stack(0x000000dc80b00000,0x000000dc80c00000) (1024K)]
  0x000002d54510c6d0 JavaThread "Common-Cleaner"             daemon [_thread_blocked, id=11684, stack(0x000000dc80c00000,0x000000dc80d00000) (1024K)]
  0x000002d54517ef70 JavaThread "C2 CompilerThread1"         daemon [_thread_blocked, id=28020, stack(0x000000dc80d00000,0x000000dc80e00000) (1024K)]
  0x000002d545263060 JavaThread "Monitor Ctrl-Break"         daemon [_thread_in_native, id=26724, stack(0x000000dc80e00000,0x000000dc80f00000) (1024K)]
  0x000002d54538dfe0 JavaThread "Notification Thread"        daemon [_thread_blocked, id=37144, stack(0x000000dc80f00000,0x000000dc81000000) (1024K)]
  0x000002d5469af330 JavaThread "C2 CompilerThread2"         daemon [_thread_blocked, id=4392, stack(0x000000dc81900000,0x000000dc81a00000) (1024K)]
  0x000002d54605a480 JavaThread "RMI TCP Accept-0"           daemon [_thread_in_native, id=40056, stack(0x000000dc81a00000,0x000000dc81b00000) (1024K)]
  0x000002d546f67630 JavaThread "RMI TCP Connection(1)-192.168.1.9" daemon [_thread_in_native, id=12488, stack(0x000000dc81b00000,0x000000dc81c00000) (1024K)]
  0x000002d546f69700 JavaThread "RMI Scheduler(0)"           daemon [_thread_blocked, id=40720, stack(0x000000dc81c00000,0x000000dc81d00000) (1024K)]
  0x000002d546f66280 JavaThread "JMX server connection timeout 35" daemon [_thread_blocked, id=39184, stack(0x000000dc81d00000,0x000000dc81e00000) (1024K)]
Total: 18

Other Threads:
=>0x000002d56900a3e0 VMThread "VM Thread"                           [id=8424, stack(0x000000dc80300000,0x000000dc80400000) (1024K)]
  0x000002d54b3fa130 WorkerThread "GC Thread#0"                     [id=19980, stack(0x000000dcffd00000,0x000000dcffe00000) (1024K)]
  0x000002d5463f9ad0 WorkerThread "GC Thread#1"                     [id=17988, stack(0x000000dc81000000,0x000000dc81100000) (1024K)]
  0x000002d5463fb850 WorkerThread "GC Thread#2"                     [id=31828, stack(0x000000dc81100000,0x000000dc81200000) (1024K)]
  0x000002d5463fc360 WorkerThread "GC Thread#3"                     [id=35928, stack(0x000000dc81200000,0x000000dc81300000) (1024K)]
  0x000002d5463fa230 WorkerThread "GC Thread#4"                     [id=29116, stack(0x000000dc81300000,0x000000dc81400000) (1024K)]
  0x000002d5463f9720 WorkerThread "GC Thread#5"                     [id=6888, stack(0x000000dc81400000,0x000000dc81500000) (1024K)]
  0x000002d5463fa5e0 WorkerThread "GC Thread#6"                     [id=30264, stack(0x000000dc81500000,0x000000dc81600000) (1024K)]
  0x000002d5463fc710 WorkerThread "GC Thread#7"                     [id=18240, stack(0x000000dc81600000,0x000000dc81700000) (1024K)]
  0x000002d5463f9e80 WorkerThread "GC Thread#8"                     [id=3392, stack(0x000000dc81700000,0x000000dc81800000) (1024K)]
  0x000002d5463fa990 WorkerThread "GC Thread#9"                     [id=32240, stack(0x000000dc81800000,0x000000dc81900000) (1024K)]
  0x000002d54b409af0 ConcurrentGCThread "G1 Main Marker"            terminated
  0x000002d54b40b5a0 WorkerThread "G1 Conc#0"                       [id=17240, stack(0x000000dcfff00000,0x000000dd00000000) (1024K)]
  0x000002d568ebe270 ConcurrentGCThread "G1 Refine#0"               terminated
  0x000002d568ec1ad0 ConcurrentGCThread "G1 Service"                terminated
Total: 15

Threads with active compile tasks:
C2 CompilerThread0  1496 1905       4       java.lang.invoke.MethodType::methodType (69 bytes)
C1 CompilerThread0  1496 2156       1       java.util.concurrent.CopyOnWriteArrayList::getArray (5 bytes)
C2 CompilerThread1  1496 1911       4       java.lang.invoke.MethodType::makeImpl (109 bytes)
C2 CompilerThread2  1496 2143       4       jdk.internal.org.objectweb.asm.SymbolTable::addConstantUtf8Reference (101 bytes)
Total: 4

VM state: at safepoint (shutting down)

VM Mutex/Monitor currently owned by a thread:  ([mutex/lock_event])
[0x00007ffe5bd13910] Threads_lock - owner thread: 0x000002d56900a3e0
[0x00007ffe5bd13a10] Heap_lock - owner thread: 0x000002d548f458c0

Heap address: 0x0000000744800000, size: 3000 MB, Compressed Oops mode: Zero based, Oop shift amount: 3

CDS archive(s) mapped at: [0x000002d500000000-0x000002d500d70000-0x000002d500d70000), size 14090240, SharedBaseAddress: 0x000002d500000000, ArchiveRelocationMode: 1.
Compressed class space mapped at: 0x000002d501000000-0x000002d541000000, reserved size: 1073741824
Narrow klass base: 0x000002d500000000, Narrow klass shift: 0, Narrow klass range: 0x41000000

GC Precious Log:
 CardTable entry size: 512
 Card Set container configuration: InlinePtr #cards 4 size 8 Array Of Cards #cards 16 size 48 Howl #buckets 8 coarsen threshold 3686 Howl Bitmap #cards 512 size 80 coarsen threshold 460 Card regions per heap region 1 cards per card region 4096
 CPUs: 12 total, 12 available
 Memory: 11995M
 Large Page Support: Disabled
 NUMA Support: Disabled
 Compressed Oops: Enabled (Zero based)
 Heap Region Size: 2M
 Heap Min Capacity: 8M
 Heap Initial Capacity: 188M
 Heap Max Capacity: 3000M
 Pre-touch: Disabled
 Parallel Workers: 10
 Concurrent Workers: 3
 Concurrent Refinement Workers: 10
 Periodic GC: Disabled

Heap:
 garbage-first heap   total reserved 3072000K, committed 192512K, used 9193K [0x0000000744800000, 0x0000000800000000)
  region size 2048K, 2 young (4096K), 1 survivors (2048K)
 Metaspace       used 14881K, committed 15168K, reserved 1114112K
  class space    used 1747K, committed 1856K, reserved 1048576K

Heap Regions: E=young(eden), S=young(survivor), O=old, HS=humongous(starts), HC=humongous(continues), CS=collection set, F=free, TAMS=top-at-mark-start, PB=parsable bottom
|   0|0x0000000744800000, 0x0000000744a00000, 0x0000000744a00000|100%| O|  |TAMS 0x0000000744800000| PB 0x0000000744800000| Untracked |  0
|   1|0x0000000744a00000, 0x0000000744c00000, 0x0000000744c00000|100%| O|  |TAMS 0x0000000744a00000| PB 0x0000000744a00000| Untracked |  0
|   2|0x0000000744c00000, 0x0000000744e00000, 0x0000000744e00000|100%| O|  |TAMS 0x0000000744c00000| PB 0x0000000744c00000| Untracked |  0
|   3|0x0000000744e00000, 0x0000000744f70728, 0x0000000745000000| 71%| O|  |TAMS 0x0000000744e00000| PB 0x0000000744e00000| Untracked |  0
|   4|0x0000000745000000, 0x0000000745000000, 0x0000000745200000|  0%| F|  |TAMS 0x0000000745000000| PB 0x0000000745000000| Untracked |  0
|   5|0x0000000745200000, 0x0000000745200000, 0x0000000745400000|  0%| F|  |TAMS 0x0000000745200000| PB 0x0000000745200000| Untracked |  0
|   6|0x0000000745400000, 0x0000000745400000, 0x0000000745600000|  0%| F|  |TAMS 0x0000000745400000| PB 0x0000000745400000| Untracked |  0
|   7|0x0000000745600000, 0x0000000745600000, 0x0000000745800000|  0%| F|  |TAMS 0x0000000745600000| PB 0x0000000745600000| Untracked |  0
|   8|0x0000000745800000, 0x0000000745800000, 0x0000000745a00000|  0%| F|  |TAMS 0x0000000745800000| PB 0x0000000745800000| Untracked |  0
|   9|0x0000000745a00000, 0x0000000745a00000, 0x0000000745c00000|  0%| F|  |TAMS 0x0000000745a00000| PB 0x0000000745a00000| Untracked |  0
|  10|0x0000000745c00000, 0x0000000745c00000, 0x0000000745e00000|  0%| F|  |TAMS 0x0000000745c00000| PB 0x0000000745c00000| Untracked |  0
|  11|0x0000000745e00000, 0x0000000745e00000, 0x0000000746000000|  0%| F|  |TAMS 0x0000000745e00000| PB 0x0000000745e00000| Untracked |  0
|  12|0x0000000746000000, 0x0000000746000000, 0x0000000746200000|  0%| F|  |TAMS 0x0000000746000000| PB 0x0000000746000000| Untracked |  0
|  13|0x0000000746200000, 0x0000000746200000, 0x0000000746400000|  0%| F|  |TAMS 0x0000000746200000| PB 0x0000000746200000| Untracked |  0
|  14|0x0000000746400000, 0x0000000746400000, 0x0000000746600000|  0%| F|  |TAMS 0x0000000746400000| PB 0x0000000746400000| Untracked |  0
|  15|0x0000000746600000, 0x0000000746600000, 0x0000000746800000|  0%| F|  |TAMS 0x0000000746600000| PB 0x0000000746600000| Untracked |  0
|  16|0x0000000746800000, 0x0000000746800000, 0x0000000746a00000|  0%| F|  |TAMS 0x0000000746800000| PB 0x0000000746800000| Untracked |  0
|  17|0x0000000746a00000, 0x0000000746a00000, 0x0000000746c00000|  0%| F|  |TAMS 0x0000000746a00000| PB 0x0000000746a00000| Untracked |  0
|  18|0x0000000746c00000, 0x0000000746c00000, 0x0000000746e00000|  0%| F|  |TAMS 0x0000000746c00000| PB 0x0000000746c00000| Untracked |  0
|  19|0x0000000746e00000, 0x0000000746e00000, 0x0000000747000000|  0%| F|  |TAMS 0x0000000746e00000| PB 0x0000000746e00000| Untracked |  0
|  20|0x0000000747000000, 0x0000000747000000, 0x0000000747200000|  0%| F|  |TAMS 0x0000000747000000| PB 0x0000000747000000| Untracked |  0
|  21|0x0000000747200000, 0x0000000747200000, 0x0000000747400000|  0%| F|  |TAMS 0x0000000747200000| PB 0x0000000747200000| Untracked |  0
|  22|0x0000000747400000, 0x0000000747400000, 0x0000000747600000|  0%| F|  |TAMS 0x0000000747400000| PB 0x0000000747400000| Untracked |  0
|  23|0x0000000747600000, 0x0000000747600000, 0x0000000747800000|  0%| F|  |TAMS 0x0000000747600000| PB 0x0000000747600000| Untracked |  0
|  24|0x0000000747800000, 0x0000000747800000, 0x0000000747a00000|  0%| F|  |TAMS 0x0000000747800000| PB 0x0000000747800000| Untracked |  0
|  25|0x0000000747a00000, 0x0000000747a00000, 0x0000000747c00000|  0%| F|  |TAMS 0x0000000747a00000| PB 0x0000000747a00000| Untracked |  0
|  26|0x0000000747c00000, 0x0000000747c00000, 0x0000000747e00000|  0%| F|  |TAMS 0x0000000747c00000| PB 0x0000000747c00000| Untracked |  0
|  27|0x0000000747e00000, 0x0000000747e00000, 0x0000000748000000|  0%| F|  |TAMS 0x0000000747e00000| PB 0x0000000747e00000| Untracked |  0
|  28|0x0000000748000000, 0x0000000748000000, 0x0000000748200000|  0%| F|  |TAMS 0x0000000748000000| PB 0x0000000748000000| Untracked |  0
|  29|0x0000000748200000, 0x0000000748200000, 0x0000000748400000|  0%| F|  |TAMS 0x0000000748200000| PB 0x0000000748200000| Untracked |  0
|  30|0x0000000748400000, 0x0000000748400000, 0x0000000748600000|  0%| F|  |TAMS 0x0000000748400000| PB 0x0000000748400000| Untracked |  0
|  31|0x0000000748600000, 0x0000000748600000, 0x0000000748800000|  0%| F|  |TAMS 0x0000000748600000| PB 0x0000000748600000| Untracked |  0
|  32|0x0000000748800000, 0x0000000748800000, 0x0000000748a00000|  0%| F|  |TAMS 0x0000000748800000| PB 0x0000000748800000| Untracked |  0
|  33|0x0000000748a00000, 0x0000000748a00000, 0x0000000748c00000|  0%| F|  |TAMS 0x0000000748a00000| PB 0x0000000748a00000| Untracked |  0
|  34|0x0000000748c00000, 0x0000000748c00000, 0x0000000748e00000|  0%| F|  |TAMS 0x0000000748c00000| PB 0x0000000748c00000| Untracked |  0
|  35|0x0000000748e00000, 0x0000000748e00000, 0x0000000749000000|  0%| F|  |TAMS 0x0000000748e00000| PB 0x0000000748e00000| Untracked |  0
|  36|0x0000000749000000, 0x0000000749000000, 0x0000000749200000|  0%| F|  |TAMS 0x0000000749000000| PB 0x0000000749000000| Untracked |  0
|  37|0x0000000749200000, 0x0000000749200000, 0x0000000749400000|  0%| F|  |TAMS 0x0000000749200000| PB 0x0000000749200000| Untracked |  0
|  38|0x0000000749400000, 0x0000000749400000, 0x0000000749600000|  0%| F|  |TAMS 0x0000000749400000| PB 0x0000000749400000| Untracked |  0
|  39|0x0000000749600000, 0x0000000749600000, 0x0000000749800000|  0%| F|  |TAMS 0x0000000749600000| PB 0x0000000749600000| Untracked |  0
|  40|0x0000000749800000, 0x0000000749800000, 0x0000000749a00000|  0%| F|  |TAMS 0x0000000749800000| PB 0x0000000749800000| Untracked |  0
|  41|0x0000000749a00000, 0x0000000749a00000, 0x0000000749c00000|  0%| F|  |TAMS 0x0000000749a00000| PB 0x0000000749a00000| Untracked |  0
|  42|0x0000000749c00000, 0x0000000749c00000, 0x0000000749e00000|  0%| F|  |TAMS 0x0000000749c00000| PB 0x0000000749c00000| Untracked |  0
|  43|0x0000000749e00000, 0x0000000749e00000, 0x000000074a000000|  0%| F|  |TAMS 0x0000000749e00000| PB 0x0000000749e00000| Untracked |  0
|  44|0x000000074a000000, 0x000000074a000000, 0x000000074a200000|  0%| F|  |TAMS 0x000000074a000000| PB 0x000000074a000000| Untracked |  0
|  45|0x000000074a200000, 0x000000074a200000, 0x000000074a400000|  0%| F|  |TAMS 0x000000074a200000| PB 0x000000074a200000| Untracked |  0
|  46|0x000000074a400000, 0x000000074a400000, 0x000000074a600000|  0%| F|  |TAMS 0x000000074a400000| PB 0x000000074a400000| Untracked |  0
|  47|0x000000074a600000, 0x000000074a600000, 0x000000074a800000|  0%| F|  |TAMS 0x000000074a600000| PB 0x000000074a600000| Untracked |  0
|  48|0x000000074a800000, 0x000000074a800000, 0x000000074aa00000|  0%| F|  |TAMS 0x000000074a800000| PB 0x000000074a800000| Untracked |  0
|  49|0x000000074aa00000, 0x000000074aa00000, 0x000000074ac00000|  0%| F|  |TAMS 0x000000074aa00000| PB 0x000000074aa00000| Untracked |  0
|  50|0x000000074ac00000, 0x000000074ac00000, 0x000000074ae00000|  0%| F|  |TAMS 0x000000074ac00000| PB 0x000000074ac00000| Untracked |  0
|  51|0x000000074ae00000, 0x000000074ae00000, 0x000000074b000000|  0%| F|  |TAMS 0x000000074ae00000| PB 0x000000074ae00000| Untracked |  0
|  52|0x000000074b000000, 0x000000074b000000, 0x000000074b200000|  0%| F|  |TAMS 0x000000074b000000| PB 0x000000074b000000| Untracked |  0
|  53|0x000000074b200000, 0x000000074b200000, 0x000000074b400000|  0%| F|  |TAMS 0x000000074b200000| PB 0x000000074b200000| Untracked |  0
|  54|0x000000074b400000, 0x000000074b400000, 0x000000074b600000|  0%| F|  |TAMS 0x000000074b400000| PB 0x000000074b400000| Untracked |  0
|  55|0x000000074b600000, 0x000000074b600000, 0x000000074b800000|  0%| F|  |TAMS 0x000000074b600000| PB 0x000000074b600000| Untracked |  0
|  56|0x000000074b800000, 0x000000074b800000, 0x000000074ba00000|  0%| F|  |TAMS 0x000000074b800000| PB 0x000000074b800000| Untracked |  0
|  57|0x000000074ba00000, 0x000000074ba00000, 0x000000074bc00000|  0%| F|  |TAMS 0x000000074ba00000| PB 0x000000074ba00000| Untracked |  0
|  58|0x000000074bc00000, 0x000000074bc00000, 0x000000074be00000|  0%| F|  |TAMS 0x000000074bc00000| PB 0x000000074bc00000| Untracked |  0
|  59|0x000000074be00000, 0x000000074be00000, 0x000000074c000000|  0%| F|  |TAMS 0x000000074be00000| PB 0x000000074be00000| Untracked |  0
|  60|0x000000074c000000, 0x000000074c000000, 0x000000074c200000|  0%| F|  |TAMS 0x000000074c000000| PB 0x000000074c000000| Untracked |  0
|  61|0x000000074c200000, 0x000000074c200000, 0x000000074c400000|  0%| F|  |TAMS 0x000000074c200000| PB 0x000000074c200000| Untracked |  0
|  62|0x000000074c400000, 0x000000074c400000, 0x000000074c600000|  0%| F|  |TAMS 0x000000074c400000| PB 0x000000074c400000| Untracked |  0
|  63|0x000000074c600000, 0x000000074c600000, 0x000000074c800000|  0%| F|  |TAMS 0x000000074c600000| PB 0x000000074c600000| Untracked |  0
|  64|0x000000074c800000, 0x000000074c800000, 0x000000074ca00000|  0%| F|  |TAMS 0x000000074c800000| PB 0x000000074c800000| Untracked |  0
|  65|0x000000074ca00000, 0x000000074ca00000, 0x000000074cc00000|  0%| F|  |TAMS 0x000000074ca00000| PB 0x000000074ca00000| Untracked |  0
|  66|0x000000074cc00000, 0x000000074cc00000, 0x000000074ce00000|  0%| F|  |TAMS 0x000000074cc00000| PB 0x000000074cc00000| Untracked |  0
|  67|0x000000074ce00000, 0x000000074ce00000, 0x000000074d000000|  0%| F|  |TAMS 0x000000074ce00000| PB 0x000000074ce00000| Untracked |  0
|  68|0x000000074d000000, 0x000000074d000000, 0x000000074d200000|  0%| F|  |TAMS 0x000000074d000000| PB 0x000000074d000000| Untracked |  0
|  69|0x000000074d200000, 0x000000074d200000, 0x000000074d400000|  0%| F|  |TAMS 0x000000074d200000| PB 0x000000074d200000| Untracked |  0
|  70|0x000000074d400000, 0x000000074d400000, 0x000000074d600000|  0%| F|  |TAMS 0x000000074d400000| PB 0x000000074d400000| Untracked |  0
|  71|0x000000074d600000, 0x000000074d600000, 0x000000074d800000|  0%| F|  |TAMS 0x000000074d600000| PB 0x000000074d600000| Untracked |  0
|  72|0x000000074d800000, 0x000000074d800000, 0x000000074da00000|  0%| F|  |TAMS 0x000000074d800000| PB 0x000000074d800000| Untracked |  0
|  73|0x000000074da00000, 0x000000074da00000, 0x000000074dc00000|  0%| F|  |TAMS 0x000000074da00000| PB 0x000000074da00000| Untracked |  0
|  74|0x000000074dc00000, 0x000000074dc00000, 0x000000074de00000|  0%| F|  |TAMS 0x000000074dc00000| PB 0x000000074dc00000| Untracked |  0
|  75|0x000000074de00000, 0x000000074de00000, 0x000000074e000000|  0%| F|  |TAMS 0x000000074de00000| PB 0x000000074de00000| Untracked |  0
|  76|0x000000074e000000, 0x000000074e000000, 0x000000074e200000|  0%| F|  |TAMS 0x000000074e000000| PB 0x000000074e000000| Untracked |  0
|  77|0x000000074e200000, 0x000000074e200000, 0x000000074e400000|  0%| F|  |TAMS 0x000000074e200000| PB 0x000000074e200000| Untracked |  0
|  78|0x000000074e400000, 0x000000074e400000, 0x000000074e600000|  0%| F|  |TAMS 0x000000074e400000| PB 0x000000074e400000| Untracked |  0
|  79|0x000000074e600000, 0x000000074e600000, 0x000000074e800000|  0%| F|  |TAMS 0x000000074e600000| PB 0x000000074e600000| Untracked |  0
|  80|0x000000074e800000, 0x000000074e800000, 0x000000074ea00000|  0%| F|  |TAMS 0x000000074e800000| PB 0x000000074e800000| Untracked |  0
|  81|0x000000074ea00000, 0x000000074ea00000, 0x000000074ec00000|  0%| F|  |TAMS 0x000000074ea00000| PB 0x000000074ea00000| Untracked |  0
|  82|0x000000074ec00000, 0x000000074ec00000, 0x000000074ee00000|  0%| F|  |TAMS 0x000000074ec00000| PB 0x000000074ec00000| Untracked |  0
|  83|0x000000074ee00000, 0x000000074ef89e58, 0x000000074f000000| 76%| S|CS|TAMS 0x000000074ee00000| PB 0x000000074ee00000| Complete |  0
|  84|0x000000074f000000, 0x000000074f000000, 0x000000074f200000|  0%| F|  |TAMS 0x000000074f000000| PB 0x000000074f000000| Untracked |  0
|  85|0x000000074f200000, 0x000000074f200000, 0x000000074f400000|  0%| F|  |TAMS 0x000000074f200000| PB 0x000000074f200000| Untracked |  0
|  86|0x000000074f400000, 0x000000074f400000, 0x000000074f600000|  0%| F|  |TAMS 0x000000074f400000| PB 0x000000074f400000| Untracked |  0
|  87|0x000000074f600000, 0x000000074f600000, 0x000000074f800000|  0%| F|  |TAMS 0x000000074f600000| PB 0x000000074f600000| Untracked |  0
|  88|0x000000074f800000, 0x000000074f800000, 0x000000074fa00000|  0%| F|  |TAMS 0x000000074f800000| PB 0x000000074f800000| Untracked |  0
|  89|0x000000074fa00000, 0x000000074fa00000, 0x000000074fc00000|  0%| F|  |TAMS 0x000000074fa00000| PB 0x000000074fa00000| Untracked |  0
|  90|0x000000074fc00000, 0x000000074fc00000, 0x000000074fe00000|  0%| F|  |TAMS 0x000000074fc00000| PB 0x000000074fc00000| Untracked |  0
|  91|0x000000074fe00000, 0x000000074fe00000, 0x0000000750000000|  0%| F|  |TAMS 0x000000074fe00000| PB 0x000000074fe00000| Untracked |  0
|  92|0x0000000750000000, 0x0000000750000000, 0x0000000750200000|  0%| F|  |TAMS 0x0000000750000000| PB 0x0000000750000000| Untracked |  0
|  93|0x0000000750200000, 0x00000007503a5d38, 0x0000000750400000| 82%| E|  |TAMS 0x0000000750200000| PB 0x0000000750200000| Complete |  0

Card table byte_map: [0x000002d5636d0000,0x000002d563cb0000] _byte_map_base: 0x000002d55fcac000

Marking Bits: (CMBitMap*) 0x000002d54b3fa750
 Bits: [0x000002d563cb0000, 0x000002d566b90000)

Polling page: 0x000002d5495e0000

Metaspace:

Usage:
  Non-class:     12.83 MB used.
      Class:      1.71 MB used.
       Both:     14.53 MB used.

Virtual space:
  Non-class space:       64.00 MB reserved,      13.00 MB ( 20%) committed,  1 nodes.
      Class space:        1.00 GB reserved,       1.81 MB ( <1%) committed,  1 nodes.
             Both:        1.06 GB reserved,      14.81 MB (  1%) committed. 

Chunk freelists:
   Non-Class:  2.51 MB
       Class:  14.07 MB
        Both:  16.58 MB

MaxMetaspaceSize: unlimited
CompressedClassSpaceSize: 1.00 GB
Initial GC threshold: 21.00 MB
Current GC threshold: 21.00 MB
CDS: on
 - commit_granule_bytes: 65536.
 - commit_granule_words: 8192.
 - virtual_space_node_default_size: 8388608.
 - enlarge_chunks_in_place: 1.
 - use_allocation_guard: 0.


Internal statistics:

num_allocs_failed_limit: 0.
num_arena_births: 294.
num_arena_deaths: 0.
num_vsnodes_births: 2.
num_vsnodes_deaths: 0.
num_space_committed: 237.
num_space_uncommitted: 0.
num_chunks_returned_to_freelist: 0.
num_chunks_taken_from_freelist: 529.
num_chunk_merges: 0.
num_chunk_splits: 289.
num_chunks_enlarged: 158.
num_inconsistent_stats: 0.

CodeHeap 'non-profiled nmethods': size=120064Kb used=643Kb max_used=643Kb free=119420Kb
 bounds [0x000002d55b550000, 0x000002d55b7c0000, 0x000002d562a90000]
CodeHeap 'profiled nmethods': size=120000Kb used=2985Kb max_used=2985Kb free=117014Kb
 bounds [0x000002d553a90000, 0x000002d553d80000, 0x000002d55afc0000]
CodeHeap 'non-nmethods': size=5696Kb used=1433Kb max_used=1445Kb free=4262Kb
 bounds [0x000002d55afc0000, 0x000002d55b230000, 0x000002d55b550000]
CodeCache: size=245760Kb, used=5061Kb, max_used=5073Kb, free=240696Kb
 total_blobs=2683, nmethods=2150, adapters=438, full_count=0
Compilation: enabled, stopped_count=0, restarted_count=0

Compilation events (20 events):
Event: 0.845 Thread 0x000002d54502dc90 nmethod 2144 0x000002d55b5f0688 code [0x000002d55b5f07a0, 0x000002d55b5f0870]
Event: 0.850 Thread 0x000002d54502dc90 2146       3       org.jetbrains.capture.org.objectweb.asm.ClassReader::readClass (7 bytes)
Event: 0.850 Thread 0x000002d54502dc90 nmethod 2146 0x000002d553d77b08 code [0x000002d553d77c60, 0x000002d553d77fd8]
Event: 0.850 Thread 0x000002d54502dc90 2147       3       org.jetbrains.capture.org.objectweb.asm.ClassReader::readStringish (16 bytes)
Event: 0.850 Thread 0x000002d54502dc90 nmethod 2147 0x000002d553d78008 code [0x000002d553d78160, 0x000002d553d78448]
Event: 0.850 Thread 0x000002d54502dc90 2149       3       org.jetbrains.capture.org.objectweb.asm.ClassReader::readInt (52 bytes)
Event: 0.851 Thread 0x000002d54502dc90 nmethod 2149 0x000002d553d78488 code [0x000002d553d785a0, 0x000002d553d78778]
Event: 0.851 Thread 0x000002d54502dc90 2150       3       org.jetbrains.capture.org.objectweb.asm.MethodWriter::visitLabel (332 bytes)
Event: 0.851 Thread 0x000002d54502dc90 nmethod 2150 0x000002d553d78788 code [0x000002d553d789a0, 0x000002d553d79710]
Event: 0.852 Thread 0x000002d54502dc90 2152       1       org.jetbrains.capture.org.objectweb.asm.SymbolTable::getSource (5 bytes)
Event: 0.852 Thread 0x000002d54502dc90 nmethod 2152 0x000002d55b5f0988 code [0x000002d55b5f0aa0, 0x000002d55b5f0b70]
Event: 0.852 Thread 0x000002d54502dc90 2151       3       org.jetbrains.capture.org.objectweb.asm.Frame::push (109 bytes)
Event: 0.852 Thread 0x000002d54502dc90 nmethod 2151 0x000002d553d79788 code [0x000002d553d798e0, 0x000002d553d79e38]
Event: 0.853 Thread 0x000002d54502dc90 2153       1       org.junit.platform.engine.support.descriptor.AbstractTestDescriptor::getUniqueId (5 bytes)
Event: 0.853 Thread 0x000002d54502dc90 nmethod 2153 0x000002d55b5f0c88 code [0x000002d55b5f0da0, 0x000002d55b5f0e70]
Event: 0.853 Thread 0x000002d54502dc90 2154       3       java.util.Collections$UnmodifiableCollection::size (10 bytes)
Event: 0.853 Thread 0x000002d54502dc90 nmethod 2154 0x000002d553d79e88 code [0x000002d553d79fa0, 0x000002d553d7a180]
Event: 0.855 Thread 0x000002d54502dc90 2155       3       java.util.concurrent.ConcurrentHashMap$KeyIterator::next (34 bytes)
Event: 0.855 Thread 0x000002d54502dc90 nmethod 2155 0x000002d553d7a208 code [0x000002d553d7a340, 0x000002d553d7a5b0]
Event: 0.855 Thread 0x000002d54502dc90 2156       1       java.util.concurrent.CopyOnWriteArrayList::getArray (5 bytes)

GC Heap History (4 events):
Event: 0.518 GC heap before
{Heap before GC invocations=0 (full 0):
 garbage-first heap   total reserved 3072000K, committed 192512K, used 22528K [0x0000000744800000, 0x0000000800000000)
  region size 2048K, 12 young (24576K), 0 survivors (0K)
 Metaspace       used 9446K, committed 9664K, reserved 1114112K
  class space    used 995K, committed 1088K, reserved 1048576K
}
Event: 0.523 GC heap after
{Heap after GC invocations=1 (full 0):
 garbage-first heap   total reserved 3072000K, committed 192512K, used 8023K [0x0000000744800000, 0x0000000800000000)
  region size 2048K, 2 young (4096K), 2 survivors (4096K)
 Metaspace       used 9446K, committed 9664K, reserved 1114112K
  class space    used 995K, committed 1088K, reserved 1048576K
}
Event: 0.809 GC heap before
{Heap before GC invocations=1 (full 0):
 garbage-first heap   total reserved 3072000K, committed 192512K, used 28503K [0x0000000744800000, 0x0000000800000000)
  region size 2048K, 12 young (24576K), 2 survivors (4096K)
 Metaspace       used 14578K, committed 14848K, reserved 1114112K
  class space    used 1723K, committed 1856K, reserved 1048576K
}
Event: 0.813 GC heap after
{Heap after GC invocations=2 (full 0):
 garbage-first heap   total reserved 3072000K, committed 192512K, used 9193K [0x0000000744800000, 0x0000000800000000)
  region size 2048K, 1 young (2048K), 1 survivors (2048K)
 Metaspace       used 14578K, committed 14848K, reserved 1114112K
  class space    used 1723K, committed 1856K, reserved 1048576K
}

Dll operation events (11 events):
Event: 0.020 Loaded shared library C:\Program Files\Java\jdk-23\bin\java.dll
Event: 0.021 Loaded shared library C:\Program Files\Java\jdk-23\bin\zip.dll
Event: 0.046 Loaded shared library C:\Program Files\Java\jdk-23\bin\jsvml.dll
Event: 0.126 Loaded shared library C:\Program Files\Java\jdk-23\bin\instrument.dll
Event: 0.131 Loaded shared library C:\Program Files\Java\jdk-23\bin\net.dll
Event: 0.133 Loaded shared library C:\Program Files\Java\jdk-23\bin\nio.dll
Event: 0.137 Loaded shared library C:\Program Files\Java\jdk-23\bin\zip.dll
Event: 0.162 Loaded shared library C:\Program Files\Java\jdk-23\bin\extnet.dll
Event: 0.202 Loaded shared library C:\Program Files\Java\jdk-23\bin\jimage.dll
Event: 0.369 Loaded shared library C:\Program Files\Java\jdk-23\bin\management.dll
Event: 0.392 Loaded shared library C:\Program Files\Java\jdk-23\bin\management_ext.dll

Deoptimization events (20 events):
Event: 0.724 Thread 0x000002d54501b0b0 DEOPT PACKING pc=0x000002d55b582920 sp=0x000000dc807fdea0
Event: 0.724 Thread 0x000002d54501b0b0 DEOPT UNPACKING pc=0x000002d55b014402 sp=0x000000dc807fde20 mode 2
Event: 0.729 Thread 0x000002d548f458c0 DEOPT PACKING pc=0x000002d553b61279 sp=0x000000dcffcfcab0
Event: 0.729 Thread 0x000002d548f458c0 DEOPT UNPACKING pc=0x000002d55b014b22 sp=0x000000dcffcfbfb8 mode 0
Event: 0.745 Thread 0x000002d548f458c0 Uncommon trap: trap_request=0xffffff45 fr.pc=0x000002d55b5b6bd4 relative=0x0000000000000054
Event: 0.745 Thread 0x000002d548f458c0 Uncommon trap: reason=unstable_if action=reinterpret pc=0x000002d55b5b6bd4 method=java.lang.CharacterData.of(I)Ljava/lang/CharacterData; @ 4 c2
Event: 0.745 Thread 0x000002d548f458c0 DEOPT PACKING pc=0x000002d55b5b6bd4 sp=0x000000dcffcfbd70
Event: 0.745 Thread 0x000002d548f458c0 DEOPT UNPACKING pc=0x000002d55b014402 sp=0x000000dcffcfbd10 mode 2
Event: 0.746 Thread 0x000002d548f458c0 Uncommon trap: trap_request=0xffffff45 fr.pc=0x000002d55b55bacc relative=0x000000000000028c
Event: 0.746 Thread 0x000002d548f458c0 Uncommon trap: reason=unstable_if action=reinterpret pc=0x000002d55b55bacc method=java.lang.String.isLatin1()Z @ 10 c2
Event: 0.746 Thread 0x000002d548f458c0 DEOPT PACKING pc=0x000002d55b55bacc sp=0x000000dcffcfc640
Event: 0.746 Thread 0x000002d548f458c0 DEOPT UNPACKING pc=0x000002d55b014402 sp=0x000000dcffcfc570 mode 2
Event: 0.746 Thread 0x000002d548f458c0 Uncommon trap: trap_request=0xffffff45 fr.pc=0x000002d55b56d0b0 relative=0x0000000000000190
Event: 0.746 Thread 0x000002d548f458c0 Uncommon trap: reason=unstable_if action=reinterpret pc=0x000002d55b56d0b0 method=jdk.internal.util.ArraysSupport.vectorizedHashCode(Ljava/lang/Object;IIII)I @ 2 c2
Event: 0.746 Thread 0x000002d548f458c0 DEOPT PACKING pc=0x000002d55b56d0b0 sp=0x000000dcffcfc4c0
Event: 0.746 Thread 0x000002d548f458c0 DEOPT UNPACKING pc=0x000002d55b014402 sp=0x000000dcffcfc470 mode 2
Event: 0.752 Thread 0x000002d548f458c0 Uncommon trap: trap_request=0xffffff45 fr.pc=0x000002d55b5d75f8 relative=0x0000000000000f78
Event: 0.752 Thread 0x000002d548f458c0 Uncommon trap: reason=unstable_if action=reinterpret pc=0x000002d55b5d75f8 method=java.util.concurrent.ConcurrentHashMap.addCount(JI)V @ 171 c2
Event: 0.752 Thread 0x000002d548f458c0 DEOPT PACKING pc=0x000002d55b5d75f8 sp=0x000000dcffcfc7f0
Event: 0.752 Thread 0x000002d548f458c0 DEOPT UNPACKING pc=0x000002d55b014402 sp=0x000000dcffcfc6b0 mode 2

Classes loaded (20 events):
Event: 0.851 Loading class java/util/concurrent/ForkJoinPool$DefaultForkJoinWorkerThreadFactory
Event: 0.851 Loading class java/util/concurrent/ForkJoinPool$DefaultForkJoinWorkerThreadFactory done
Event: 0.852 Loading class java/util/concurrent/ForkJoinPool$2
Event: 0.852 Loading class java/util/concurrent/ForkJoinPool$2 done
Event: 0.852 Loading class java/util/concurrent/CompletableFuture$Completion
Event: 0.852 Loading class java/util/concurrent/CompletableFuture$AsynchronousCompletionTask
Event: 0.852 Loading class java/util/concurrent/CompletableFuture$AsynchronousCompletionTask done
Event: 0.852 Loading class java/util/concurrent/CompletableFuture$Completion done
Event: 0.853 Loading class org/junit/platform/launcher/TestPlan
Event: 0.853 Loading class org/junit/platform/launcher/TestPlan done
Event: 0.853 Loading class org/junit/platform/launcher/TestPlan
Event: 0.853 Loading class org/junit/platform/launcher/TestPlan done
Event: 0.853 Loading class org/junit/platform/launcher/TestPlan
Event: 0.853 Loading class org/junit/platform/launcher/TestPlan done
Event: 0.853 Loading class org/junit/platform/launcher/TestPlan
Event: 0.853 Loading class org/junit/platform/launcher/TestPlan done
Event: 0.853 Loading class org/junit/platform/launcher/core/DefaultLauncherSession$ClosedLauncher
Event: 0.853 Loading class org/junit/platform/launcher/core/DefaultLauncherSession$ClosedLauncher done
Event: 0.854 Loading class java/util/IdentityHashMap$KeyIterator
Event: 0.854 Loading class java/util/IdentityHashMap$KeyIterator done

Classes unloaded (0 events):
No events

Classes redefined (1 events):
Event: 0.167 Thread 0x000002d56900a3e0 redefined class name=java.lang.Throwable, count=1

Internal exceptions (20 events):
Event: 0.666 Thread 0x000002d54501b0b0 Exception <a 'java/lang/NoSuchMethodError'{0x000000074f909718}: 'java.lang.Object java.lang.invoke.DirectMethodHandle$Holder.invokeStaticInit(java.lang.Object, int, int, int, int)'> (0x000000074f909718) 
thrown [s\open\src\hotspot\share\interpreter\linkResolver.cpp, line 796]
Event: 0.671 Thread 0x000002d548f458c0 Exception <a 'java/lang/NoSuchMethodError'{0x000000074f963bf0}: 'void java.lang.invoke.DirectMethodHandle$Holder.invokeStaticInit(java.lang.Object)'> (0x000000074f963bf0) 
thrown [s\open\src\hotspot\share\interpreter\linkResolver.cpp, line 796]
Event: 0.689 Thread 0x000002d54501b0b0 Exception <a 'java/lang/NoSuchMethodError'{0x000000074f6fa6d0}: 'java.lang.Object java.lang.invoke.DirectMethodHandle$Holder.invokeStaticInit(java.lang.Object, java.lang.Object, int, int, int, int)'> (0x000000074f6fa6d0) 
thrown [s\open\src\hotspot\share\interpreter\linkResolver.cpp, line 796]
Event: 0.693 Thread 0x000002d548f458c0 Exception <a 'java/lang/NoSuchMethodError'{0x000000074f7422d8}: 'void java.lang.invoke.DirectMethodHandle$Holder.invokeStaticInit(java.lang.Object, java.lang.Object, java.lang.Object, java.lang.Object)'> (0x000000074f7422d8) 
thrown [s\open\src\hotspot\share\interpreter\linkResolver.cpp, line 796]
Event: 0.700 Thread 0x000002d548f458c0 Exception <a 'java/lang/NoSuchMethodError'{0x000000074f7b3cb0}: 'int java.lang.invoke.DirectMethodHandle$Holder.invokeStaticInit(java.lang.Object, java.lang.Object)'> (0x000000074f7b3cb0) 
thrown [s\open\src\hotspot\share\interpreter\linkResolver.cpp, line 796]
Event: 0.717 Thread 0x000002d54501b0b0 Exception <a 'java/lang/ClassNotFoundException'{0x000000074f426b80}: javax/management/remote/rmi/RMIServerImpl_Skel> (0x000000074f426b80) 
thrown [s\open\src\hotspot\share\classfile\systemDictionary.cpp, line 313]
Event: 0.738 Thread 0x000002d548f458c0 Exception <a 'java/lang/IncompatibleClassChangeError'{0x000000074f200e68}: Found class java.lang.Object, but interface was expected> (0x000000074f200e68) 
thrown [s\open\src\hotspot\share\interpreter\linkResolver.cpp, line 863]
Event: 0.751 Thread 0x000002d548f458c0 Exception <a 'java/lang/NoSuchMethodError'{0x000000074f2d0ae8}: 'java.lang.Object java.lang.invoke.DirectMethodHandle$Holder.invokeInterface(java.lang.Object, java.lang.Object, java.lang.Object, java.lang.Object, java.lang.Object)'> (0x000000074f2d0ae8) 
thrown [s\open\src\hotspot\share\interpreter\linkResolver.cpp, line 796]
Event: 0.752 Thread 0x000002d548f458c0 Exception <a 'java/lang/IncompatibleClassChangeError'{0x000000074f2d4658}: Found class java.lang.Object, but interface was expected> (0x000000074f2d4658) 
thrown [s\open\src\hotspot\share\interpreter\linkResolver.cpp, line 863]
Event: 0.758 Thread 0x000002d546f67630 Exception <a 'java/lang/NoSuchMethodError'{0x000000074f3a05e0}: static [B.<clinit>()V> (0x000000074f3a05e0) 
thrown [s\open\src\hotspot\share\prims\jni.cpp, line 1111]
Event: 0.761 Thread 0x000002d548f458c0 Exception <a 'java/lang/IncompatibleClassChangeError'{0x000000074f367c48}: Found class java.lang.Object, but interface was expected> (0x000000074f367c48) 
thrown [s\open\src\hotspot\share\interpreter\linkResolver.cpp, line 863]
Event: 0.763 Thread 0x000002d548f458c0 Exception <a 'java/lang/NoSuchMethodError'{0x000000074f371e70}: 'void java.lang.invoke.DirectMethodHandle$Holder.invokeVirtual(java.lang.Object, java.lang.Object)'> (0x000000074f371e70) 
thrown [s\open\src\hotspot\share\interpreter\linkResolver.cpp, line 796]
Event: 0.773 Thread 0x000002d546f67630 Exception <a 'java/lang/ClassNotFoundException'{0x000000074f016168}: javax/management/remote/rmi/RMIConnectionImpl_Skel> (0x000000074f016168) 
thrown [s\open\src\hotspot\share\classfile\systemDictionary.cpp, line 313]
Event: 0.774 Thread 0x000002d546f66280 Exception <a 'java/lang/NoSuchMethodError'{0x000000074f099868}: 'java.lang.Object java.lang.invoke.Invokers$Holder.linkToTargetMethod(java.lang.Object, long, java.lang.Object)'> (0x000000074f099868) 
thrown [s\open\src\hotspot\share\interpreter\linkResolver.cpp, line 796]
Event: 0.774 Thread 0x000002d548f458c0 Exception <a 'java/lang/IncompatibleClassChangeError'{0x000000074f085d08}: Found class java.lang.Object, but interface was expected> (0x000000074f085d08) 
thrown [s\open\src\hotspot\share\interpreter\linkResolver.cpp, line 863]
Event: 0.786 Thread 0x000002d546f67630 Exception <a 'java/lang/NoSuchMethodError'{0x000000074f126890}: 'int java.lang.invoke.DirectMethodHandle$Holder.invokeInterface(java.lang.Object, java.lang.Object, java.lang.Object, java.lang.Object, java.lang.Object)'> (0x000000074f126890) 
thrown [s\open\src\hotspot\share\interpreter\linkResolver.cpp, line 796]
Event: 0.787 Thread 0x000002d546f67630 Exception <a 'java/lang/NoSuchMethodError'{0x000000074f12ed80}: 'int java.lang.invoke.DelegatingMethodHandle$Holder.reinvoke_L(java.lang.Object, java.lang.Object, java.lang.Object, java.lang.Object, java.lang.Object)'> (0x000000074f12ed80) 
thrown [s\open\src\hotspot\share\interpreter\linkResolver.cpp, line 796]
Event: 0.798 Thread 0x000002d546f67630 Exception <a 'java/lang/NoSuchMethodError'{0x000000074f1c21a8}: 'double java.lang.invoke.DirectMethodHandle$Holder.invokeInterface(java.lang.Object, java.lang.Object)'> (0x000000074f1c21a8) 
thrown [s\open\src\hotspot\share\interpreter\linkResolver.cpp, line 796]
Event: 0.799 Thread 0x000002d546f67630 Exception <a 'java/lang/NoSuchMethodError'{0x000000074f1c9df0}: 'double java.lang.invoke.DelegatingMethodHandle$Holder.reinvoke_L(java.lang.Object, java.lang.Object)'> (0x000000074f1c9df0) 
thrown [s\open\src\hotspot\share\interpreter\linkResolver.cpp, line 796]
Event: 0.842 Thread 0x000002d548f458c0 Exception <a 'java/lang/IncompatibleClassChangeError'{0x00000007502d6530}: Found class java.lang.Object, but interface was expected> (0x00000007502d6530) 
thrown [s\open\src\hotspot\share\interpreter\linkResolver.cpp, line 863]

VM Operations (20 events):
Event: 0.407 Executing VM operation: HandshakeAllThreads (Deoptimize) done
Event: 0.488 Executing VM operation: HandshakeAllThreads (Deoptimize)
Event: 0.488 Executing VM operation: HandshakeAllThreads (Deoptimize) done
Event: 0.488 Executing VM operation: HandshakeAllThreads (Deoptimize)
Event: 0.488 Executing VM operation: HandshakeAllThreads (Deoptimize) done
Event: 0.492 Executing VM operation: HandshakeAllThreads (Deoptimize)
Event: 0.492 Executing VM operation: HandshakeAllThreads (Deoptimize) done
Event: 0.492 Executing VM operation: HandshakeAllThreads (Deoptimize)
Event: 0.492 Executing VM operation: HandshakeAllThreads (Deoptimize) done
Event: 0.518 Executing VM operation: G1CollectForAllocation (G1 Evacuation Pause)
Event: 0.523 Executing VM operation: G1CollectForAllocation (G1 Evacuation Pause) done
Event: 0.633 Executing VM operation: HandshakeAllThreads (Deoptimize)
Event: 0.633 Executing VM operation: HandshakeAllThreads (Deoptimize) done
Event: 0.644 Executing VM operation: HandshakeAllThreads (Deoptimize)
Event: 0.645 Executing VM operation: HandshakeAllThreads (Deoptimize) done
Event: 0.771 Executing VM operation: HandshakeAllThreads (Deoptimize)
Event: 0.771 Executing VM operation: HandshakeAllThreads (Deoptimize) done
Event: 0.809 Executing VM operation: G1CollectForAllocation (G1 Evacuation Pause)
Event: 0.813 Executing VM operation: G1CollectForAllocation (G1 Evacuation Pause) done
Event: 0.855 Executing VM operation: Exit

Memory protections (0 events):
No events

Nmethod flushes (0 events):
No events

Events (20 events):
Event: 0.044 Thread 0x000002d548f458c0 Thread added: 0x000002d545010080
Event: 0.044 Thread 0x000002d548f458c0 Thread added: 0x000002d545013710
Event: 0.044 Thread 0x000002d548f458c0 Thread added: 0x000002d54501a2c0
Event: 0.044 Thread 0x000002d548f458c0 Thread added: 0x000002d54501b0b0
Event: 0.044 Thread 0x000002d548f458c0 Thread added: 0x000002d54501be60
Event: 0.044 Thread 0x000002d548f458c0 Thread added: 0x000002d5450248d0
Event: 0.044 Thread 0x000002d548f458c0 Thread added: 0x000002d545029bb0
Event: 0.044 Thread 0x000002d548f458c0 Thread added: 0x000002d54502dc90
Event: 0.105 Thread 0x000002d548f458c0 Thread added: 0x000002d54510c6d0
Event: 0.118 Thread 0x000002d545029bb0 Thread added: 0x000002d54517ef70
Event: 0.146 Thread 0x000002d548f458c0 Thread added: 0x000002d545263060
Event: 0.169 Thread 0x000002d548f458c0 Thread added: 0x000002d54538dfe0
Event: 0.583 Thread 0x000002d54502dc90 Thread added: 0x000002d5469af330
Event: 0.727 Thread 0x000002d54501b0b0 Thread added: 0x000002d54605a480
Event: 0.738 Thread 0x000002d54605a480 Thread added: 0x000002d546f67630
Event: 0.757 Thread 0x000002d546f67630 Thread added: 0x000002d546f69700
Event: 0.768 Thread 0x000002d546f67630 Thread added: 0x000002d546f66280
Event: 0.854 Thread 0x000002d548f458c0 Thread added: 0x000002d546f66910
Event: 0.855 Thread 0x000002d546f66910 Thread exited: 0x000002d546f66910
Event: 0.855 Thread 0x000002d548f458c0 Before exit entered


Dynamic libraries:
0x00007ff6289d0000 - 0x00007ff6289e0000 	C:\Program Files\Java\jdk-23\bin\java.exe
0x00007fff17ee0000 - 0x00007fff18147000 	C:\WINDOWS\SYSTEM32\ntdll.dll
0x00007fff172c0000 - 0x00007fff17389000 	C:\WINDOWS\System32\KERNEL32.DLL
0x00007fff14860000 - 0x00007fff14c54000 	C:\WINDOWS\System32\KERNELBASE.dll
0x00007fff14c60000 - 0x00007fff14dab000 	C:\WINDOWS\System32\ucrtbase.dll
0x00007fff11580000 - 0x00007fff1159b000 	C:\Program Files\Java\jdk-23\bin\VCRUNTIME140.dll
0x00007fff10b10000 - 0x00007fff10b27000 	C:\Program Files\Java\jdk-23\bin\jli.dll
0x00007fff16160000 - 0x00007fff16325000 	C:\WINDOWS\System32\USER32.dll
0x00007fff14e60000 - 0x00007fff14e87000 	C:\WINDOWS\System32\win32u.dll
0x00007fff16130000 - 0x00007fff1615b000 	C:\WINDOWS\System32\GDI32.dll
0x00007fff159c0000 - 0x00007fff15aeb000 	C:\WINDOWS\System32\gdi32full.dll
0x00007ffef0570000 - 0x00007ffef0803000 	C:\WINDOWS\WinSxS\amd64_microsoft.windows.common-controls_6595b64144ccf1df_6.0.26100.8115_none_3e075c82e3354f9c\COMCTL32.dll
0x00007fff14db0000 - 0x00007fff14e53000 	C:\WINDOWS\System32\msvcp_win.dll
0x00007fff16350000 - 0x00007fff163f9000 	C:\WINDOWS\System32\msvcrt.dll
0x00007fff17990000 - 0x00007fff179c2000 	C:\WINDOWS\System32\IMM32.DLL
0x000000005e9f0000 - 0x000000005e9fc000 	C:\Program Files (x86)\360\Total Security\safemon\SafeWrapper.dll
0x00007fff16470000 - 0x00007fff16526000 	C:\WINDOWS\System32\ADVAPI32.dll
0x00007fff17500000 - 0x00007fff175a7000 	C:\WINDOWS\System32\sechost.dll
0x00007fff179d0000 - 0x00007fff17ae8000 	C:\WINDOWS\System32\RPCRT4.dll
0x00007fff10f00000 - 0x00007fff10fac000 	C:\Program Files (x86)\360\Total Security\safemon\libzdtp64.dll
0x00007fff169c0000 - 0x00007fff17127000 	C:\WINDOWS\System32\SHELL32.dll
0x00007fff15850000 - 0x00007fff159ba000 	C:\WINDOWS\System32\wintypes.dll
0x00007fff17b00000 - 0x00007fff17e82000 	C:\WINDOWS\System32\combase.dll
0x00007fff17490000 - 0x00007fff174f6000 	C:\WINDOWS\System32\SHLWAPI.dll
0x00007fff14f20000 - 0x00007fff15788000 	C:\WINDOWS\System32\Windows.Storage.dll
0x00007fff14290000 - 0x00007fff1429b000 	C:\WINDOWS\SYSTEM32\VERSION.dll
0x00007fff12410000 - 0x00007fff1241c000 	C:\Program Files\Java\jdk-23\bin\vcruntime140_1.dll
0x00007ffee82c0000 - 0x00007ffee834e000 	C:\Program Files\Java\jdk-23\bin\msvcp140.dll
0x00007ffe5b0a0000 - 0x00007ffe5bdef000 	C:\Program Files\Java\jdk-23\bin\server\jvm.dll
0x00007fff17230000 - 0x00007fff172b0000 	C:\WINDOWS\System32\WS2_32.dll
0x00007fff14610000 - 0x00007fff1466e000 	C:\WINDOWS\SYSTEM32\POWRPROF.dll
0x00007fff0c1d0000 - 0x00007fff0c206000 	C:\WINDOWS\SYSTEM32\WINMM.dll
0x00007fff145f0000 - 0x00007fff14604000 	C:\WINDOWS\SYSTEM32\UMPDC.dll
0x00007fff134a0000 - 0x00007fff134bb000 	C:\WINDOWS\SYSTEM32\kernel.appcore.dll
0x00007fff12160000 - 0x00007fff1216a000 	C:\Program Files\Java\jdk-23\bin\jimage.dll
0x00007fff12830000 - 0x00007fff12a72000 	C:\WINDOWS\SYSTEM32\DBGHELP.DLL
0x00007fff15ef0000 - 0x00007fff15fc8000 	C:\WINDOWS\System32\OLEAUT32.dll
0x00007ffee15d0000 - 0x00007ffee160b000 	C:\WINDOWS\SYSTEM32\dbgcore.DLL
0x00007fff147b0000 - 0x00007fff14855000 	C:\WINDOWS\System32\bcryptPrimitives.dll
0x00007fff09070000 - 0x00007fff0907f000 	C:\Program Files\Java\jdk-23\bin\instrument.dll
0x00007fff10af0000 - 0x00007fff10b0e000 	C:\Program Files\Java\jdk-23\bin\java.dll
0x00007fff15d50000 - 0x00007fff15ee7000 	C:\WINDOWS\System32\ole32.dll
0x00007fff10ab0000 - 0x00007fff10ac7000 	C:\Program Files\Java\jdk-23\bin\zip.dll
0x00007fff17130000 - 0x00007fff17228000 	C:\WINDOWS\System32\SHCORE.dll
0x00007fff146d0000 - 0x00007fff146f9000 	C:\WINDOWS\SYSTEM32\profapi.dll
0x00007ffe95280000 - 0x00007ffe95357000 	C:\Program Files\Java\jdk-23\bin\jsvml.dll
0x00007fff11850000 - 0x00007fff11860000 	C:\Program Files\Java\jdk-23\bin\net.dll
0x00007fff13a40000 - 0x00007fff13aac000 	C:\WINDOWS\system32\mswsock.dll
0x00007fff10ad0000 - 0x00007fff10ae6000 	C:\Program Files\Java\jdk-23\bin\nio.dll
0x00007fff0cff0000 - 0x00007fff0cff9000 	C:\Program Files\Java\jdk-23\bin\extnet.dll
0x00007fff12f60000 - 0x00007fff13092000 	C:\WINDOWS\SYSTEM32\DNSAPI.dll
0x00007fff12e70000 - 0x00007fff12ea2000 	C:\WINDOWS\SYSTEM32\IPHLPAPI.DLL
0x00007fff17980000 - 0x00007fff1798a000 	C:\WINDOWS\System32\NSI.dll
0x00007ffefa730000 - 0x00007ffefa73b000 	C:\Windows\System32\rasadhlp.dll
0x00007fff00a00000 - 0x00007fff00a86000 	C:\WINDOWS\System32\fwpuclnt.dll
0x00007fff0cfe0000 - 0x00007fff0cfea000 	C:\Program Files\Java\jdk-23\bin\management.dll
0x00007fff0cfd0000 - 0x00007fff0cfdb000 	C:\Program Files\Java\jdk-23\bin\management_ext.dll
0x00007fff16400000 - 0x00007fff16408000 	C:\WINDOWS\System32\PSAPI.DLL
0x00007fff13d20000 - 0x00007fff13d3b000 	C:\WINDOWS\SYSTEM32\CRYPTSP.dll
0x00007fff13400000 - 0x00007fff13439000 	C:\WINDOWS\system32\rsaenh.dll
0x00007fff13af0000 - 0x00007fff13b23000 	C:\WINDOWS\SYSTEM32\USERENV.dll
0x00007fff146a0000 - 0x00007fff146ca000 	C:\WINDOWS\SYSTEM32\bcrypt.dll
0x00007fff13d40000 - 0x00007fff13d4c000 	C:\WINDOWS\SYSTEM32\CRYPTBASE.dll
0x00007ffe93ca0000 - 0x00007ffe93cb8000 	C:\WINDOWS\system32\napinsp.dll
0x00007ffe93c80000 - 0x00007ffe93c93000 	C:\WINDOWS\System32\winrnr.dll
0x00007ffe93560000 - 0x00007ffe93582000 	C:\WINDOWS\system32\nlansp_c.dll
0x00007ffed88b0000 - 0x00007ffed88c6000 	C:\WINDOWS\system32\wshbth.dll
0x00007ffee8db0000 - 0x00007ffee8e06000 	C:\WINDOWS\SYSTEM32\pdh.dll
0x00007fff0cf30000 - 0x00007fff0cf42000 	C:\WINDOWS\System32\perfproc.dll

dbghelp: loaded successfully - version: 4.0.5 - missing functions: none
symbol engine: initialized successfully - sym options: 0x614 - pdb path: 
[error occurred during error reporting (printing native decoder state), id 0xc0000005, EXCEPTION_ACCESS_VIOLATION (0xc0000005) at pc=0x00007fff17f30df1]
VM Arguments:
jvm_args: -ea -Didea.test.cyclic.buffer.size=1048576 -javaagent:C:\Program Files\JetBrains\IntelliJ IDEA 2024.3.7\lib\idea_rt.jar=54803 -javaagent:C:\Users\Lenovo\AppData\Local\JetBrains\IntelliJIdea2024.3\captureAgent\debugger-agent.jar -Dkotlinx.coroutines.debug.enable.creation.stack.trace=false -Ddebugger.agent.enable.coroutines=true -Dkotlinx.coroutines.debug.enable.flows.stack.trace=true -Dkotlinx.coroutines.debug.enable.mutable.state.flows.stack.trace=true -Dfile.encoding=UTF-8 -Dsun.stdout.encoding=UTF-8 -Dsun.stderr.encoding=UTF-8 
java_command: com.intellij.rt.junit.JUnitStarter -ideVersion5 -junit5 org.example.be.methods.MyUtilTest
java_class_path (initial): C:\Users\Lenovo\.m2\repository\org\junit\platform\junit-platform-launcher\1.12.2\junit-platform-launcher-1.12.2.jar;C:\Program Files\JetBrains\IntelliJ IDEA 2024.3.7\lib\idea_rt.jar;C:\Program Files\JetBrains\IntelliJ IDEA 2024.3.7\plugins\junit\lib\junit5-rt.jar;C:\Program Files\JetBrains\IntelliJ IDEA 2024.3.7\plugins\junit\lib\junit-rt.jar;C:\Users\Lenovo\Downloads\testjava6\sof3062.01\BE\target\test-classes;C:\Users\Lenovo\Downloads\testjava6\sof3062.01\BE\target\classes;C:\Users\Lenovo\.m2\repository\org\springframework\boot\spring-boot-starter\3.5.11\spring-boot-starter-3.5.11.jar;C:\Users\Lenovo\.m2\repository\org\springframework\boot\spring-boot\3.5.11\spring-boot-3.5.11.jar;C:\Users\Lenovo\.m2\repository\org\springframework\spring-context\6.2.16\spring-context-6.2.16.jar;C:\Users\Lenovo\.m2\repository\org\springframework\spring-aop\6.2.16\spring-aop-6.2.16.jar;C:\Users\Lenovo\.m2\repository\org\springframework\spring-beans\6.2.16\spring-beans-6.2.16.jar;C:\Users\Lenovo\.m2\repository\org\springframework\spring-expression\6.2.16\spring-expression-6.2.16.jar;C:\Users\Lenovo\.m2\repository\io\micrometer\micrometer-observation\1.15.9\micrometer-observation-1.15.9.jar;C:\Users\Lenovo\.m2\repository\io\micrometer\micrometer-commons\1.15.9\micrometer-commons-1.15.9.jar;C:\Users\Lenovo\.m2\repository\org\springframework\boot\spring-boot-autoconfigure\3.5.11\spring-boot-autoconfigure-3.5.11.jar;C:\Users\Lenovo\.m2\repository\org\springframework\boot\spring-boot-starter-logging\3.5.11\spring-boot-starter-logging-3.5.11.jar;C:\Users\Lenovo\.m2\repository\ch\qos\logback\logback-classic\1.5.32\logback-classic-1.5.32.jar;C:\Users\Lenovo\.m2\repository\ch\qos\logback\logback-core\1.5.32\logback-core-1.5.32.jar;C:\Users\Lenovo\.m2\repository\org\apache\logging\log4j\log4j-to-slf4j\2.24.3\log4j-to-slf4j-2.24.3.jar;C:\Users\Lenovo\.m2\repository\org\apache\logging\log4j\log4j-api\2.24.3\log4j-api-2.24.3.jar;C:\Users\Lenovo\.m2\repository\org\slf4j\jul-to-slf4j\2.0.17\jul-to-slf4j-2.0.17.jar;C:\Users\Lenovo\.m2\repository\jakarta\annotation\jakarta.annotation-api\2.1.1\jakarta.annotation-api-2.1.1.jar;C:\Users\Lenovo\.m2\repository\org\springframework\spring-core\6.2.16\spring-core-6.2.16.jar;C:\Users\Lenovo\.m2\repository\org\springframework\spring-jcl\6.2.16\spring-jcl-6.2.16.jar;C:\Users\Lenovo\.m2\repository\org\yaml\snakeyaml\2.4\snakeyaml-2.4.jar;C:\Users\Lenovo\.m2\repository\org\seleniumhq\selenium\selenium-java\4.41.0\selenium-java-4.41.0.jar;C:\Users\Lenovo\.m2\repository\org\seleniumhq\selenium\selenium-api\4.31.0\selenium-api-4.31.0.jar;C:\Users\Lenovo\.m2\repository\org\jspecify\jspecify\1.0.0\jspecify-1.0.0.jar;C:\Users\Lenovo\.m2\repository\org\seleniumhq\selenium\selenium-chrome-driver\4.31.0\selenium-chrome-driver-4.31.0.jar;C:\Users\Lenovo\.m2\repository\com\google\auto\service\auto-service-annotations\1.1.1\auto-service-annotations-1.1.1.jar;C:\Users\Lenovo\.m2\repository\org\seleniumhq\selenium\selenium-chromium-driver\4.31.0\selenium-chromium-driver-4.31.0.jar;C:\Users\Lenovo\.m2\repository\org\seleniumhq\selenium\selenium-json\4.31.0\selenium-json-4.31.0.jar;C:\Users\Lenovo\.m2\repository\org\seleniumhq\selenium\selenium-manager\4.31.0\selenium-manager-4.31.0.jar;C:\Users\Lenovo\.m2\repository\org\seleniumhq\selenium\selenium-devtools-v143\4.41.0\selenium-devtools-v143-4.41.0.jar;C:\Users\Lenovo\.m2\repository\org\seleniumhq\selenium\selenium-devtools-v144\4.41.0\selenium-devtools-v144-4.41.0.jar;C:\Users\Lenovo\.m2\repository\org\seleniumhq\selenium\selenium-devtools-v145\4.41.0\selenium-devtools-v145-4.41.0.jar;C:\Users\Lenovo\.m2\repository\org\seleniumhq\selenium\selenium-edge-driver\4.31.0\selenium-edge-driver-4.31.0.jar;C:\Users\Lenovo\.m2\repository\org\seleniumhq\selenium\selenium-firefox-driver\4.31.0\selenium-firefox-driver-4.31.0.jar;C:\Users\Lenovo\.m2\repository\org\seleniumhq\selenium\selenium-http\4.31.0\selenium-http-4.31.0.jar;C:\Users\Lenovo\.m2\repository\org\seleniumhq\selenium\selenium-ie-driver\4.31.0\selenium-ie-driver-4.31.0.jar;C:\Users\Lenovo\.m2\repository\org\seleniumhq\selenium\selenium-remote-driver\4.31.0\selenium-remote-driver-4.31.0.jar;C:\Users\Lenovo\.m2\repository\com\google\guava\guava\33.4.6-jre\guava-33.4.6-jre.jar;C:\Users\Lenovo\.m2\repository\com\google\guava\failureaccess\1.0.3\failureaccess-1.0.3.jar;C:\Users\Lenovo\.m2\repository\com\google\guava\listenablefuture\9999.0-empty-to-avoid-conflict-with-guava\listenablefuture-9999.0-empty-to-avoid-conflict-with-guava.jar;C:\Users\Lenovo\.m2\repository\com\google\j2objc\j2objc-annotations\3.0.0\j2objc-annotations-3.0.0.jar;C:\Users\Lenovo\.m2\repository\io\opentelemetry\opentelemetry-api\1.49.0\opentelemetry-api-1.49.0.jar;C:\Users\Lenovo\.m2\repository\io\opentelemetry\opentelemetry-context\1.49.0\opentelemetry-context-1.49.0.jar;C:\Users\Lenovo\.m2\repository\io\opentelemetry\opentelemetry-exporter-logging\1.49.0\opentelemetry-exporter-logging-1.49.0.jar;C:\Users\Lenovo\.m2\repository\io\opentelemetry\opentelemetry-sdk-common\1.49.0\opentelemetry-sdk-common-1.49.0.jar;C:\Users\Lenovo\.m2\repository\io\opentelemetry\opentelemetry-sdk-extension-autoconfigure-spi\1.49.0\opentelemetry-sdk-extension-autoconfigure-spi-1.49.0.jar;C:\Users\Lenovo\.m2\repository\io\opentelemetry\opentelemetry-sdk-extension-autoconfigure\1.49.0\opentelemetry-sdk-extension-autoconfigure-1.49.0.jar;C:\Users\Lenovo\.m2\repository\io\opentelemetry\opentelemetry-sdk-trace\1.49.0\opentelemetry-sdk-trace-1.49.0.jar;C:\Users\Lenovo\.m2\repository\io\opentelemetry\opentelemetry-sdk\1.49.0\opentelemetry-sdk-1.49.0.jar;C:\Users\Lenovo\.m2\repository\io\opentelemetry\opentelemetry-sdk-metrics\1.49.0\opentelemetry-sdk-metrics-1.49.0.jar;C:\Users\Lenovo\.m2\repository\io\opentelemetry\opentelemetry-sdk-logs\1.49.0\opentelemetry-sdk-logs-1.49.0.jar;C:\Users\Lenovo\.m2\repository\net\bytebuddy\byte-buddy\1.17.8\byte-buddy-1.17.8.jar;C:\Users\Lenovo\.m2\repository\org\seleniumhq\selenium\selenium-os\4.31.0\selenium-os-4.31.0.jar;C:\Users\Lenovo\.m2\repository\org\apache\commons\commons-exec\1.4.0\commons-exec-1.4.0.jar;C:\Users\Lenovo\.m2\repository\org\seleniumhq\selenium\selenium-safari-driver\4.31.0\selenium-safari-driver-4.31.0.jar;C:\Users\Lenovo\.m2\repository\org\seleniumhq\selenium\selenium-support\4.31.0\selenium-support-4.31.0.jar;C:\Users\Lenovo\.m2\repository\io\github\bonigarcia\webdrivermanager\6.3.4\webdrivermanager-6.3.4.jar;C:\Users\Lenovo\.m2\repository\org\slf4j\slf4j-api\2.0.17\slf4j-api-2.0.17.jar;C:\Users\Lenovo\.m2\repository\com\google\code\gson\gson\2.13.2\gson-2.13.2.jar;C:\Users\Lenovo\.m2\repository\com\google\errorprone\error_prone_annotations\2.41.0\error_prone_annotations-2.41.0.jar;C:\Users\Lenovo\.m2\repository\com\github\docker-java\docker-java\3.7.1\docker-java-3.7.1.jar;C:\Users\Lenovo\.m2\repository\com\github\docker-java\docker-java-core\3.7.1\docker-java-core-3.7.1.jar;C:\Users\Lenovo\.m2\repository\com\github\docker-java\docker-java-api\3.7.1\docker-java-api-3.7.1.jar;C:\Users\Lenovo\.m2\repository\com\fasterxml\jackson\core\jackson-annotations\2.19.4\jackson-annotations-2.19.4.jar;C:\Users\Lenovo\.m2\repository\com\fasterxml\jackson\core\jackson-databind\2.19.4\jackson-databind-2.19.4.jar;C:\Users\Lenovo\.m2\repository\com\fasterxml\jackson\core\jackson-core\2.19.4\jackson-core-2.19.4.jar;C:\Users\Lenovo\.m2\repository\org\slf4j\jcl-over-slf4j\2.0.17\jcl-over-slf4j-2.0.17.jar;C:\Users\Lenovo\.m2\repository\com\github\docker-java\docker-java-transport-httpclient5\3.7.1\docker-java-transport-httpclient5-3.7.1.jar;C:\Users\Lenovo\.m2\repository\com\github\docker-java\docker-java-transport\3.7.1\docker-java-transport-3.7.1.jar;C:\Users\Lenovo\.m2\repository\net\java\dev\jna\jna\5.18.1\jna-5.18.1.jar;C:\Users\Lenovo\.m2\repository\org\brotli\dec\0.1.2\dec-0.1.2.jar;C:\Users\Lenovo\.m2\repository\org\apache\commons\commons-lang3\3.17.0\commons-lang3-3.17.0.jar;C:\Users\Lenovo\.m2\repository\org\apache\commons\commons-compress\1.28.0\commons-compress-1.28.0.jar;C:\Users\Lenovo\.m2\repository\commons-codec\commons-codec\1.18.0\commons-codec-1.18.0.jar;C:\Users\Lenovo\.m2\repository\commons-io\commons-io\2.20.0\commons-io-2.20.0.jar;C:\Users\Lenovo\.m2\repository\org\apache\httpcomponents\client5\httpclient5\5.5.2\httpclient5-5.5.2.jar;C:\Users\Lenovo\.m2\repository\org\apache\httpcomponents\core5\httpcore5\5.3.6\httpcore5-5.3.6.jar;C:\Users\Lenovo\.m2\repository\org\apache\httpcomponents\core5\httpcore5-h2\5.3.6\httpcore5-h2-5.3.6.jar;C:\Users\Lenovo\.m2\repository\org\springframework\boot\spring-boot-starter-test\3.5.11\spring-boot-starter-test-3.5.11.jar;C:\Users\Lenovo\.m2\repository\org\springframework\boot\spring-boot-test\3.5.11\spring-boot-test-3.5.11.jar;C:\Users\Lenovo\.m2\repository\org\springframework\boot\spring-boot-test-autoconfigure\3.5.11\spring-boot-test-autoconfigure-3.5.11.jar;C:\Users\Lenovo\.m2\repository\com\jayway\jsonpath\json-path\2.9.0\json-path-2.9.0.jar;C:\Users\Lenovo\.m2\repository\jakarta\xml\bind\jakarta.xml.bind-api\4.0.4\jakarta.xml.bind-api-4.0.4.jar;C:\Users\Lenovo\.m2\repository\jakarta\activation\jakarta.activation-api\2.1.4\jakarta.activation-api-2.1.4.jar;C:\Users\Lenovo\.m2\repository\net\minidev\json-smart\2.5.2\json-smart-2.5.2.jar;C:\Users\Lenovo\.m2\repository\net\minidev\accessors-smart\2.5.2\accessors-smart-2.5.2.jar;C:\Users\Lenovo\.m2\repository\org\ow2\asm\asm\9.7.1\asm-9.7.1.jar;C:\Users\Lenovo\.m2\repository\org\assertj\assertj-core\3.27.7\assertj-core-3.27.7.jar;C:\Users\Lenovo\.m2\repository\org\awaitility\awaitility\4.2.2\awaitility-4.2.2.jar;C:\Users\Lenovo\.m2\repository\org\hamcrest\hamcrest\3.0\hamcrest-3.0.jar;C:\Users\Lenovo\.m2\repository\org\junit\jupiter\junit-jupiter\5.12.2\junit-jupiter-5.12.2.jar;C:\Users\Lenovo\.m2\repository\org\junit\jupiter\junit-jupiter-api\5.12.2\junit-jupiter-api-5.12.2.jar;C:\Users\Lenovo\.m2\repository\org\opentest4j\opentest4j\1.3.0\opentest4j-1.3.0.jar;C:\Users\Lenovo\.m2\repository\org\junit\platform\junit-platform-commons\1.12.2\junit-platform-commons-1.12.2.jar;C:\Users\Lenovo\.m2\repository\org\apiguardian\apiguardian-api\1.1.2\apiguardian-api-1.1.2.jar;C:\Users\Lenovo\.m2\repository\org\junit\jupiter\junit-jupiter-params\5.12.2\junit-jupiter-params-5.12.2.jar;C:\Users\Lenovo\.m2\repository\org\junit\jupiter\junit-jupiter-engine\5.12.2\junit-jupiter-engine-5.12.2.jar;C:\Users\Lenovo\.m2\repository\org\junit\platform\junit-platform-engine\1.12.2\junit-platform-engine-1.12.2.jar;C:\Users\Lenovo\.m2\repository\org\mockito\mockito-core\5.17.0\mockito-core-5.17.0.jar;C:\Users\Lenovo\.m2\repository\net\bytebuddy\byte-buddy-agent\1.17.8\byte-buddy-agent-1.17.8.jar;C:\Users\Lenovo\.m2\repository\org\objenesis\objenesis\3.3\objenesis-3.3.jar;C:\Users\Lenovo\.m2\repository\org\mockito\mockito-junit-jupiter\5.17.0\mockito-junit-jupiter-5.17.0.jar;C:\Users\Lenovo\.m2\repository\org\skyscreamer\jsonassert\1.5.3\jsonassert-1.5.3.jar;C:\Users\Lenovo\.m2\repository\com\vaadin\external\google\android-json\0.0.20131108.vaadin1\android-json-0.0.20131108.vaadin1.jar;C:\Users\Lenovo\.m2\repository\org\springframework\spring-test\6.2.16\spring-test-6.2.16.jar;C:\Users\Lenovo\.m2\repository\org\xmlunit\xmlunit-core\2.10.4\xmlunit-core-2.10.4.jar
Launcher Type: SUN_STANDARD

[Global flags]
     intx CICompilerCount                          = 4                                         {product} {ergonomic}
     uint ConcGCThreads                            = 3                                         {product} {ergonomic}
     uint G1ConcRefinementThreads                  = 10                                        {product} {ergonomic}
   size_t G1HeapRegionSize                         = 2097152                                   {product} {ergonomic}
   size_t InitialHeapSize                          = 197132288                                 {product} {ergonomic}
   size_t MarkStackSize                            = 4194304                                   {product} {ergonomic}
   size_t MarkStackSizeMax                         = 536870912                                 {product} {ergonomic}
   size_t MaxHeapSize                              = 3145728000                                {product} {ergonomic}
   size_t MaxNewSize                               = 1887436800                                {product} {ergonomic}
   size_t MinHeapDeltaBytes                        = 2097152                                   {product} {ergonomic}
   size_t MinHeapSize                              = 8388608                                   {product} {ergonomic}
    uintx NonNMethodCodeHeapSize                   = 5832704                                {pd product} {ergonomic}
    uintx NonProfiledCodeHeapSize                  = 122945536                              {pd product} {ergonomic}
    uintx ProfiledCodeHeapSize                     = 122880000                              {pd product} {ergonomic}
    uintx ReservedCodeCacheSize                    = 251658240                              {pd product} {ergonomic}
     bool SegmentedCodeCache                       = true                                      {product} {ergonomic}
   size_t SoftMaxHeapSize                          = 3145728000                             {manageable} {ergonomic}
     bool UseCompressedOops                        = true                           {product lp64_product} {ergonomic}
     bool UseG1GC                                  = true                                      {product} {ergonomic}
     bool UseLargePagesIndividualAllocation        = false                                  {pd product} {ergonomic}

Logging:
Log output configuration:
 #0: stdout all=off uptime,level,tags foldmultilines=false
 #1: stderr all=off uptime,level,tags foldmultilines=false

Environment Variables:
PATH=C:\Program Files\Common Files\Oracle\Java\javapath;C:\WINDOWS\system32;C:\WINDOWS;C:\WINDOWS\System32\Wbem;C:\WINDOWS\System32\WindowsPowerShell\v1.0\;C:\WINDOWS\System32\OpenSSH\;C:\Program Files (x86)\NVIDIA Corporation\PhysX\Common;C:\Program Files\NVIDIA Corporation\NVIDIA NvDLISR;C:\Program Files\Java\jdk-23;C:\Program Files\Git\cmd;C:\Program Files (x86)\Microsoft SQL Server\160\Tools\Binn\;C:\Program Files\Microsoft SQL Server\160\Tools\Binn\;C:\Program Files\Microsoft SQL Server\Client SDK\ODBC\170\Tools\Binn\;C:\Program Files\Microsoft SQL Server\160\DTS\Binn\;C:\Program Files (x86)\Microsoft SQL Server\150\Tools\Binn\;C:\Program Files\Microsoft SQL Server\150\Tools\Binn\;C:\Program Files\Microsoft SQL Server\150\DTS\Binn\;C:\Program Files\Azure Data Studio\bin;C:\Program Files (x86)\Microsoft SQL Server\150\DTS\Binn\;C:\Program Files\nodejs\;C:\Users\Lenovo\AppData\Local\Microsoft\WindowsApps;C:\Program Files\Azure Data Studio\bin;C:\Users\Lenovo\AppData\Local\Programs\Microsoft VS Code\bin;C:\Users\Lenovo\AppData\Local\GitHubDesktop\bin;C:\Users\Lenovo\AppData\Roaming\npm;C:\Program Files\JetBrains\IntelliJ IDEA 2020.3.4\bin;
USERNAME=Lenovo
OS=Windows_NT
PROCESSOR_IDENTIFIER=Intel64 Family 6 Model 151 Stepping 2, GenuineIntel
TMP=C:\Users\Lenovo\AppData\Local\Temp
TEMP=C:\Users\Lenovo\AppData\Local\Temp




Periodic native trim disabled

---------------  S Y S T E M  ---------------

OS:
 Windows 11 , 64 bit Build 26100 (10.0.26100.8246)
OS uptime: 4 days 14:01 hours
Hyper-V role detected

CPU: total 12 (initial active 12) (6 cores per cpu, 2 threads per core) family 6 model 151 stepping 2 microcode 0x35, cx8, cmov, fxsr, ht, mmx, 3dnowpref, sse, sse2, sse3, ssse3, sse4.1, sse4.2, popcnt, lzcnt, tsc, tscinvbit, avx, avx2, aes, erms, clmul, bmi1, bmi2, adx, sha, fma, vzeroupper, clflush, clflushopt, clwb, hv, serialize, rdtscp, rdpid, fsrm, gfni, f16c, cet_ibt, cet_ss
Processor Information for processor 0
  Max Mhz: 2400, Current Mhz: 2400, Mhz Limit: 2400
Processor Information for processor 1
  Max Mhz: 2400, Current Mhz: 2400, Mhz Limit: 2400
Processor Information for processor 2
  Max Mhz: 2400, Current Mhz: 2400, Mhz Limit: 2400
Processor Information for processor 3
  Max Mhz: 2400, Current Mhz: 2400, Mhz Limit: 2400
Processor Information for processor 4
  Max Mhz: 2400, Current Mhz: 2400, Mhz Limit: 2400
Processor Information for processor 5
  Max Mhz: 2400, Current Mhz: 1520, Mhz Limit: 2400
Processor Information for processor 6
  Max Mhz: 2400, Current Mhz: 2400, Mhz Limit: 2400
Processor Information for processor 7
  Max Mhz: 2400, Current Mhz: 2400, Mhz Limit: 2400
Processor Information for processor 8
  Max Mhz: 2400, Current Mhz: 1466, Mhz Limit: 2400
Processor Information for processor 9
  Max Mhz: 2400, Current Mhz: 1466, Mhz Limit: 2400
Processor Information for processor 10
  Max Mhz: 2400, Current Mhz: 1466, Mhz Limit: 2400
Processor Information for processor 11
  Max Mhz: 2400, Current Mhz: 1466, Mhz Limit: 2400

Memory: 4k page, system-wide physical 11995M (1151M free)
TotalPageFile size 24283M (AvailPageFile size 4288M)
current process WorkingSet (physical memory assigned to process): 145M, peak: 145M
current process commit charge ("private bytes"): 341M, peak: 341M

vm_info: Java HotSpot(TM) 64-Bit Server VM (23.0.1+11-39) for windows-amd64 JRE (23.0.1+11-39), built on 2024-09-30T07:20:43Z with MS VC++ 17.6 (VS2022)

END.
